<?xml version="1.0" encoding="UTF-8"?>
<!-- Generated by org.testng.reporters.JUnitReportReporter -->
<testsuite hostname="Praful" failures="0" tests="7" name="TestRunner.RunnerTest" time="91.235" errors="0" timestamp="2024-01-08T19:44:04 IST" skipped="0">
  <testcase classname="TestRunner.RunnerTest" name="runScenario" time="8.543"/>
  <system-out/>
  <testcase classname="TestRunner.RunnerTest" name="runScenario" time="2.637"/>
  <system-out/>
  <testcase classname="TestRunner.RunnerTest" name="runScenario" time="18.034"/>
  <system-out/>
  <testcase classname="TestRunner.RunnerTest" name="runScenario" time="19.220"/>
  <system-out/>
  <testcase classname="TestRunner.RunnerTest" name="runScenario" time="20.206"/>
  <system-out/>
  <testcase classname="TestRunner.RunnerTest" name="runScenario" time="18.649"/>
  <system-out/>
  <testcase classname="TestRunner.RunnerTest" name="runScenario" time="3.946"/>
  <system-out/>
</testsuite> <!-- TestRunner.RunnerTest -->
